<?xml version="1.0" encoding="UTF-8"?>
<!-- Generated by org.testng.reporters.JUnitReportReporter -->
<testsuite skipped="0" hostname="LAPTOP-F1M00SRG" name="testcases.executeTestThroughTestNg" tests="1" failures="0" timestamp="07 Oct 2018 16:24:02 GMT" time="99.457" errors="0">
  <testcase name="executeTest" time="99.457" classname="testcases.executeTestThroughTestNg"/>
</testsuite> <!-- testcases.executeTestThroughTestNg -->
